<?xml version="1.0" encoding="UTF-8"?>
<!-- Generated by org.testng.reporters.JUnitXMLReporter -->
<testsuite hostname="DESKTOP-1LU8MBC" failures="0" tests="6" name="Add All Type of Customers and its Services" time="267.731" errors="0" timestamp="18 Aug 2022 13:39:38 GMT">
  <testcase classname="Marketing_Project.Market_All_Cusotmer" name="Customer_Type_Residential" time="88.639"/>
  <testcase classname="Marketing_Project.Market_All_Cusotmer" name="Customer_Type_Business" time="32.666"/>
  <testcase classname="Marketing_Project.Market_All_Cusotmer" name="Customer_Type_Commercial" time="40.714"/>
  <testcase classname="Marketing_Project.Market_All_Cusotmer" name="Add_Provisional_Service" time="42.099"/>
  <testcase classname="Marketing_Project.Market_All_Cusotmer" name="Add_Service_ND_Update" time="37.555"/>
  <testcase classname="Marketing_Project.Market_All_Cusotmer" name="Update_service_Commercial" time="26.048"/>
</testsuite> <!-- Add All Type of Customers and its Services -->
