<?xml version="1.0" encoding="UTF-8"?>
<!-- Generated by org.testng.reporters.JUnitXMLReporter -->
<testsuite hostname="DESKTOP-1LU8MBC" failures="0" tests="6" name="All Customers Billrun With No_Cycle" time="453.615" errors="0" timestamp="21 Jul 2022 06:38:47 GMT">
  <testcase classname="Marketing_Project.Billrun_With_No_Cycle" name="Add_Meter" time="93.328"/>
  <testcase classname="Marketing_Project.Billrun_With_No_Cycle" name="Add_Meter_Register" time="47.999"/>
  <testcase classname="Marketing_Project.Billrun_With_No_Cycle" name="Add_Meter_Reads" time="13.361"/>
  <testcase classname="Marketing_Project.Billrun_With_No_Cycle" name="Add_Metering_Commercial_Customer" time="115.128"/>
  <testcase classname="Marketing_Project.Billrun_With_No_Cycle" name="Add_Metering_Business_Customer" time="101.101"/>
  <testcase classname="Marketing_Project.Billrun_With_No_Cycle" name="Bill_Run_Without_Selecting_Cycle" time="82.684"/>
</testsuite> <!-- All Customers Billrun With No_Cycle -->
