<?xml version="1.0" encoding="UTF-8"?>
<!-- Generated by org.testng.reporters.JUnitXMLReporter -->
<testsuite hostname="HPENVY" ignored="0" name="billrun with import meter and meter register" tests="2" failures="1" timestamp="15 Jul 2021 05:54:19 GMT" time="99.4" errors="0">
  <testcase name="Transactions_By_Cash" time="17.695" classname="Marketing_Project.billrun_with_Import_Meter_and_Meter_Register"/>
  <testcase name="Transactions_By_Credit_Card" time="65.032" classname="Marketing_Project.billrun_with_Import_Meter_and_Meter_Register">
    <failure type="java.lang.NullPointerException">
      <![CDATA[java.lang.NullPointerException
at Marketing_Project.billrun_with_Import_Meter_and_Meter_Register.Transactions_By_Credit_Card(billrun_with_Import_Meter_and_Meter_Register.java:646)
... Removed 25 stack frames]]>
    </failure>
  </testcase> <!-- Transactions_By_Credit_Card -->
</testsuite> <!-- billrun with import meter and meter register -->
