<?xml version="1.0" encoding="UTF-8"?>
<!-- Generated by org.testng.reporters.JUnitXMLReporter -->
<testsuite hostname="DESKTOP-1LU8MBC" failures="0" tests="14" name="More Than two Customers Bill Run, Rollback and Rebill" time="660.324" errors="0" timestamp="21 Jul 2022 07:03:42 GMT">
  <testcase classname="Marketing_Project.Large_Bill_Run" name="Add_First_Customer_and_Service" time="133.061"/>
  <testcase classname="Marketing_Project.Large_Bill_Run" name="Add_Meter" time="22.973"/>
  <testcase classname="Marketing_Project.Large_Bill_Run" name="Add_Meter_Register" time="14.899"/>
  <testcase classname="Marketing_Project.Large_Bill_Run" name="Add_Meter_Reads" time="55.225"/>
  <testcase classname="Marketing_Project.Large_Bill_Run" name="Add_Second_Customer_and_Service" time="70.466"/>
  <testcase classname="Marketing_Project.Large_Bill_Run" name="Add_Metering_Second_Customer" time="86.711"/>
  <testcase classname="Marketing_Project.Large_Bill_Run" name="Add_Third_Customer_and_Service" time="71.34"/>
  <testcase classname="Marketing_Project.Large_Bill_Run" name="Add_Metering_Third_Customer" time="82.118"/>
  <testcase classname="Marketing_Project.Large_Bill_Run" name="Add_BillRun_Cycle" time="44.231"/>
  <testcase classname="Marketing_Project.Large_Bill_Run" name="Bill_Run" time="21.33"/>
  <testcase classname="Marketing_Project.Large_Bill_Run" name="Full_Statement_Rollback" time="5.994"/>
  <testcase classname="Marketing_Project.Large_Bill_Run" name="Single_Customer_Rollback" time="7.995"/>
  <testcase classname="Marketing_Project.Large_Bill_Run" name="Rebill_and_Reuse_Statement" time="25.972"/>
  <testcase classname="Marketing_Project.Large_Bill_Run" name="Rebill_with_new_Statement" time="17.998"/>
</testsuite> <!-- More Than two Customers Bill Run, Rollback and Rebill -->
