<?xml version="1.0" encoding="UTF-8"?>
<!-- Generated by org.testng.reporters.JUnitXMLReporter -->
<testsuite hostname="HPENVY" ignored="0" name="New Scenarios" tests="12" failures="1" timestamp="14 Jul 2021 12:17:51 GMT" time="391.459" errors="0">
  <testcase name="Invoice_Setup" time="18.202" classname="Marketing_Project.New_Scenarios"/>
  <testcase name="Email_Template_setup" time="21.495" classname="Marketing_Project.New_Scenarios"/>
  <testcase name="Add_Customer_and_Service" time="84.981" classname="Marketing_Project.New_Scenarios"/>
  <testcase name="Add_Meter" time="23.117" classname="Marketing_Project.New_Scenarios"/>
  <testcase name="Add_Meter_Register" time="14.138" classname="Marketing_Project.New_Scenarios"/>
  <testcase name="Add_Meter_Reads" time="46.399" classname="Marketing_Project.New_Scenarios"/>
  <testcase name="Add_BillRun_Cycle" time="26.434" classname="Marketing_Project.New_Scenarios"/>
  <testcase name="Bill_Run" time="26.478" classname="Marketing_Project.New_Scenarios"/>
  <testcase name="Update_Statement_Dates" time="15.875" classname="Marketing_Project.New_Scenarios"/>
  <testcase name="Download_PDF" time="5.363" classname="Marketing_Project.New_Scenarios"/>
  <testcase name="Email" time="62.542" classname="Marketing_Project.New_Scenarios">
    <failure type="java.lang.NullPointerException">
      <![CDATA[java.lang.NullPointerException
at Re_Useable.Assertion_Test.Assertion_Send_Email_Results_Popup(Assertion_Test.java:520)
at Marketing_Project.New_Scenarios.Email(New_Scenarios.java:763)
... Removed 25 stack frames]]>
    </failure>
  </testcase> <!-- Email -->
  <testcase name="Bill_Run_With_Uncommitted_Statement" time="28.404" classname="Marketing_Project.New_Scenarios"/>
</testsuite> <!-- New Scenarios -->
