<?xml version="1.0" encoding="UTF-8"?>
<!-- Generated by org.testng.reporters.JUnitXMLReporter -->
<testsuite hostname="HPENVY" name="open in Edge" tests="18" failures="12" timestamp="12 Apr 2022 06:28:49 GMT" time="332.11" errors="0">
  <testcase name="Import_TOU_Definition" time="5.526" classname="Marketing_Project.Market_TOU_FIle_and_AddPlan">
    <failure type="java.lang.IllegalAccessError" message="tried to access method com.google.common.util.concurrent.SimpleTimeLimiter.&amp;lt;init&amp;gt;(Ljava/util/concurrent/ExecutorService;)V from class org.openqa.selenium.net.UrlChecker">
      <![CDATA[java.lang.IllegalAccessError: tried to access method com.google.common.util.concurrent.SimpleTimeLimiter.<init>(Ljava/util/concurrent/ExecutorService;)V from class org.openqa.selenium.net.UrlChecker
	at org.openqa.selenium.net.UrlChecker.<init>(UrlChecker.java:67)
	at org.openqa.selenium.remote.service.DriverService.waitUntilAvailable(DriverService.java:175)
	at org.openqa.selenium.remote.service.DriverService.start(DriverService.java:166)
	at org.openqa.selenium.remote.service.DriverCommandExecutor.execute(DriverCommandExecutor.java:78)
	at org.openqa.selenium.remote.RemoteWebDriver.execute(RemoteWebDriver.java:601)
	at org.openqa.selenium.remote.RemoteWebDriver.startSession(RemoteWebDriver.java:241)
	at org.openqa.selenium.remote.RemoteWebDriver.<init>(RemoteWebDriver.java:128)
	at org.openqa.selenium.remote.RemoteWebDriver.<init>(RemoteWebDriver.java:141)
	at org.openqa.selenium.chrome.ChromeDriver.<init>(ChromeDriver.java:174)
	at org.openqa.selenium.chrome.ChromeDriver.<init>(ChromeDriver.java:163)
	at org.openqa.selenium.chrome.ChromeDriver.<init>(ChromeDriver.java:120)
	at Browsers.BrowserList.initialize(BrowserList.java:33)
	at Marketing_Project.Market_TOU_FIle_and_AddPlan.Import_TOU_Definition(Market_TOU_FIle_and_AddPlan.java:45)
	at java.util.concurrent.FutureTask.run(FutureTask.java:266)
	at java.util.concurrent.ThreadPoolExecutor.runWorker(ThreadPoolExecutor.java:1149)
	at java.util.concurrent.ThreadPoolExecutor$Worker.run(ThreadPoolExecutor.java:624)
	at java.lang.Thread.run(Thread.java:748)
... Removed 16 stack frames]]>
    </failure>
  </testcase> <!-- Import_TOU_Definition -->
  <testcase name="Customer_Type_Residential" time="0.178" classname="Marketing_Project.Market_All_Cusotmer">
    <failure type="java.lang.IllegalAccessError" message="tried to access method com.google.common.util.concurrent.SimpleTimeLimiter.&amp;lt;init&amp;gt;(Ljava/util/concurrent/ExecutorService;)V from class org.openqa.selenium.net.UrlChecker">
      <![CDATA[java.lang.IllegalAccessError: tried to access method com.google.common.util.concurrent.SimpleTimeLimiter.<init>(Ljava/util/concurrent/ExecutorService;)V from class org.openqa.selenium.net.UrlChecker
	at org.openqa.selenium.net.UrlChecker.<init>(UrlChecker.java:67)
	at org.openqa.selenium.remote.service.DriverService.waitUntilAvailable(DriverService.java:175)
	at org.openqa.selenium.remote.service.DriverService.start(DriverService.java:166)
	at org.openqa.selenium.remote.service.DriverCommandExecutor.execute(DriverCommandExecutor.java:78)
	at org.openqa.selenium.remote.RemoteWebDriver.execute(RemoteWebDriver.java:601)
	at org.openqa.selenium.remote.RemoteWebDriver.startSession(RemoteWebDriver.java:241)
	at org.openqa.selenium.remote.RemoteWebDriver.<init>(RemoteWebDriver.java:128)
	at org.openqa.selenium.remote.RemoteWebDriver.<init>(RemoteWebDriver.java:141)
	at org.openqa.selenium.chrome.ChromeDriver.<init>(ChromeDriver.java:174)
	at org.openqa.selenium.chrome.ChromeDriver.<init>(ChromeDriver.java:163)
	at org.openqa.selenium.chrome.ChromeDriver.<init>(ChromeDriver.java:120)
	at Browsers.BrowserList.initialize(BrowserList.java:33)
	at Marketing_Project.Market_All_Cusotmer.Customer_Type_Residential(Market_All_Cusotmer.java:42)
	at java.util.concurrent.FutureTask.run(FutureTask.java:266)
	at java.util.concurrent.ThreadPoolExecutor.runWorker(ThreadPoolExecutor.java:1149)
	at java.util.concurrent.ThreadPoolExecutor$Worker.run(ThreadPoolExecutor.java:624)
	at java.lang.Thread.run(Thread.java:748)
... Removed 16 stack frames]]>
    </failure>
  </testcase> <!-- Customer_Type_Residential -->
  <testcase name="Add_Customer" time="0.182" classname="Marketing_Project.Customer_Update">
    <failure type="java.lang.IllegalAccessError" message="tried to access method com.google.common.util.concurrent.SimpleTimeLimiter.&amp;lt;init&amp;gt;(Ljava/util/concurrent/ExecutorService;)V from class org.openqa.selenium.net.UrlChecker">
      <![CDATA[java.lang.IllegalAccessError: tried to access method com.google.common.util.concurrent.SimpleTimeLimiter.<init>(Ljava/util/concurrent/ExecutorService;)V from class org.openqa.selenium.net.UrlChecker
	at org.openqa.selenium.net.UrlChecker.<init>(UrlChecker.java:67)
	at org.openqa.selenium.remote.service.DriverService.waitUntilAvailable(DriverService.java:175)
	at org.openqa.selenium.remote.service.DriverService.start(DriverService.java:166)
	at org.openqa.selenium.remote.service.DriverCommandExecutor.execute(DriverCommandExecutor.java:78)
	at org.openqa.selenium.remote.RemoteWebDriver.execute(RemoteWebDriver.java:601)
	at org.openqa.selenium.remote.RemoteWebDriver.startSession(RemoteWebDriver.java:241)
	at org.openqa.selenium.remote.RemoteWebDriver.<init>(RemoteWebDriver.java:128)
	at org.openqa.selenium.remote.RemoteWebDriver.<init>(RemoteWebDriver.java:141)
	at org.openqa.selenium.chrome.ChromeDriver.<init>(ChromeDriver.java:174)
	at org.openqa.selenium.chrome.ChromeDriver.<init>(ChromeDriver.java:163)
	at org.openqa.selenium.chrome.ChromeDriver.<init>(ChromeDriver.java:120)
	at Browsers.BrowserList.initialize(BrowserList.java:33)
	at Marketing_Project.Customer_Update.Add_Customer(Customer_Update.java:40)
	at java.util.concurrent.FutureTask.run(FutureTask.java:266)
	at java.util.concurrent.ThreadPoolExecutor.runWorker(ThreadPoolExecutor.java:1149)
	at java.util.concurrent.ThreadPoolExecutor$Worker.run(ThreadPoolExecutor.java:624)
	at java.lang.Thread.run(Thread.java:748)
... Removed 16 stack frames]]>
    </failure>
  </testcase> <!-- Add_Customer -->
  <testcase name="Add_Simple_Plan" time="0.282" classname="Marketing_Project.Market_TOU_FIle_and_AddPlan">
    <failure type="java.lang.NullPointerException">
      <![CDATA[java.lang.NullPointerException
	at Marketing_Project.Market_TOU_FIle_and_AddPlan.Add_Simple_Plan(Market_TOU_FIle_and_AddPlan.java:108)
	at java.util.concurrent.FutureTask.run(FutureTask.java:266)
	at java.util.concurrent.ThreadPoolExecutor.runWorker(ThreadPoolExecutor.java:1149)
	at java.util.concurrent.ThreadPoolExecutor$Worker.run(ThreadPoolExecutor.java:624)
	at java.lang.Thread.run(Thread.java:748)
... Removed 16 stack frames]]>
    </failure>
  </testcase> <!-- Add_Simple_Plan -->
  <testcase name="Customer_Type_Business" time="0.007" classname="Marketing_Project.Market_All_Cusotmer">
    <failure type="java.lang.NullPointerException">
      <![CDATA[java.lang.NullPointerException
	at Marketing_Project.Market_All_Cusotmer.Customer_Type_Business(Market_All_Cusotmer.java:139)
	at java.util.concurrent.FutureTask.run(FutureTask.java:266)
	at java.util.concurrent.ThreadPoolExecutor.runWorker(ThreadPoolExecutor.java:1149)
	at java.util.concurrent.ThreadPoolExecutor$Worker.run(ThreadPoolExecutor.java:624)
	at java.lang.Thread.run(Thread.java:748)
... Removed 16 stack frames]]>
    </failure>
  </testcase> <!-- Customer_Type_Business -->
  <testcase name="Add_Service_ND_Update" time="98.759" classname="Marketing_Project.Customer_Update"/>
  <testcase name="Add_planWith_NetworkRats" time="0.01" classname="Marketing_Project.Market_TOU_FIle_and_AddPlan">
    <failure type="java.lang.NullPointerException">
      <![CDATA[java.lang.NullPointerException
	at Marketing_Project.Market_TOU_FIle_and_AddPlan.Add_planWith_NetworkRats(Market_TOU_FIle_and_AddPlan.java:156)
	at java.util.concurrent.FutureTask.run(FutureTask.java:266)
	at java.util.concurrent.ThreadPoolExecutor.runWorker(ThreadPoolExecutor.java:1149)
	at java.util.concurrent.ThreadPoolExecutor$Worker.run(ThreadPoolExecutor.java:624)
	at java.lang.Thread.run(Thread.java:748)
... Removed 16 stack frames]]>
    </failure>
  </testcase> <!-- Add_planWith_NetworkRats -->
  <testcase name="Customer_Type_Commercial" time="0.008" classname="Marketing_Project.Market_All_Cusotmer">
    <failure type="java.lang.NullPointerException">
      <![CDATA[java.lang.NullPointerException
	at Marketing_Project.Market_All_Cusotmer.Customer_Type_Commercial(Market_All_Cusotmer.java:225)
	at java.util.concurrent.FutureTask.run(FutureTask.java:266)
	at java.util.concurrent.ThreadPoolExecutor.runWorker(ThreadPoolExecutor.java:1149)
	at java.util.concurrent.ThreadPoolExecutor$Worker.run(ThreadPoolExecutor.java:624)
	at java.lang.Thread.run(Thread.java:748)
... Removed 16 stack frames]]>
    </failure>
  </testcase> <!-- Customer_Type_Commercial -->
  <testcase name="Add_Siteparamenter" time="35.525" classname="Marketing_Project.Customer_Update"/>
  <testcase name="Add_PlanWith_RetailRates" time="0.007" classname="Marketing_Project.Market_TOU_FIle_and_AddPlan">
    <failure type="java.lang.NullPointerException">
      <![CDATA[java.lang.NullPointerException
	at Marketing_Project.Market_TOU_FIle_and_AddPlan.Add_PlanWith_RetailRates(Market_TOU_FIle_and_AddPlan.java:309)
	at java.util.concurrent.FutureTask.run(FutureTask.java:266)
	at java.util.concurrent.ThreadPoolExecutor.runWorker(ThreadPoolExecutor.java:1149)
	at java.util.concurrent.ThreadPoolExecutor$Worker.run(ThreadPoolExecutor.java:624)
	at java.lang.Thread.run(Thread.java:748)
... Removed 16 stack frames]]>
    </failure>
  </testcase> <!-- Add_PlanWith_RetailRates -->
  <testcase name="Add_Provisional_Service" time="0.006" classname="Marketing_Project.Market_All_Cusotmer">
    <failure type="java.lang.NullPointerException">
      <![CDATA[java.lang.NullPointerException
	at Marketing_Project.Market_All_Cusotmer.Add_Provisional_Service(Market_All_Cusotmer.java:330)
	at java.util.concurrent.FutureTask.run(FutureTask.java:266)
	at java.util.concurrent.ThreadPoolExecutor.runWorker(ThreadPoolExecutor.java:1149)
	at java.util.concurrent.ThreadPoolExecutor$Worker.run(ThreadPoolExecutor.java:624)
	at java.lang.Thread.run(Thread.java:748)
... Removed 16 stack frames]]>
    </failure>
  </testcase> <!-- Add_Provisional_Service -->
  <testcase name="AddSite_plan_fromService" time="58.995" classname="Marketing_Project.Customer_Update"/>
  <testcase name="Other_plan" time="0.008" classname="Marketing_Project.Market_TOU_FIle_and_AddPlan">
    <failure type="java.lang.NullPointerException">
      <![CDATA[java.lang.NullPointerException
	at Marketing_Project.Market_TOU_FIle_and_AddPlan.Other_plan(Market_TOU_FIle_and_AddPlan.java:450)
	at java.util.concurrent.FutureTask.run(FutureTask.java:266)
	at java.util.concurrent.ThreadPoolExecutor.runWorker(ThreadPoolExecutor.java:1149)
	at java.util.concurrent.ThreadPoolExecutor$Worker.run(ThreadPoolExecutor.java:624)
	at java.lang.Thread.run(Thread.java:748)
... Removed 16 stack frames]]>
    </failure>
  </testcase> <!-- Other_plan -->
  <testcase name="Add_Service_ND_Update" time="0.007" classname="Marketing_Project.Market_All_Cusotmer">
    <failure type="java.lang.NullPointerException">
      <![CDATA[java.lang.NullPointerException
	at Marketing_Project.Market_All_Cusotmer.Add_Service_ND_Update(Market_All_Cusotmer.java:470)
	at java.util.concurrent.FutureTask.run(FutureTask.java:266)
	at java.util.concurrent.ThreadPoolExecutor.runWorker(ThreadPoolExecutor.java:1149)
	at java.util.concurrent.ThreadPoolExecutor$Worker.run(ThreadPoolExecutor.java:624)
	at java.lang.Thread.run(Thread.java:748)
... Removed 16 stack frames]]>
    </failure>
  </testcase> <!-- Add_Service_ND_Update -->
  <testcase name="Add_BillRun_Cycle" time="66.892" classname="Marketing_Project.Customer_Update"/>
  <testcase name="Add_ProRated_Rates" time="22.46" classname="Marketing_Project.Market_TOU_FIle_and_AddPlan"/>
  <testcase name="Update_service_Commercial" time="0.004" classname="Marketing_Project.Market_All_Cusotmer">
    <failure type="java.lang.NullPointerException">
      <![CDATA[java.lang.NullPointerException
	at Marketing_Project.Market_All_Cusotmer.Update_service_Commercial(Market_All_Cusotmer.java:597)
	at java.util.concurrent.FutureTask.run(FutureTask.java:266)
	at java.util.concurrent.ThreadPoolExecutor.runWorker(ThreadPoolExecutor.java:1149)
	at java.util.concurrent.ThreadPoolExecutor$Worker.run(ThreadPoolExecutor.java:624)
	at java.lang.Thread.run(Thread.java:748)
... Removed 16 stack frames]]>
    </failure>
  </testcase> <!-- Update_service_Commercial -->
  <testcase name="Edit_BillRUn" time="42.993" classname="Marketing_Project.Customer_Update"/>
</testsuite> <!-- open in Edge -->
