<?xml version="1.0" encoding="UTF-8"?>
<!-- Generated by org.testng.reporters.JUnitXMLReporter -->
<testsuite hostname="DESKTOP-1LU8MBC" failures="8" tests="8" name="Run Bill to Check Auto Due Date Feature for All Customer type" time="574.115" errors="0" timestamp="18 Aug 2022 13:37:24 GMT">
  <testcase classname="Marketing_Project.Enable_Auto_Due_Date" name="Enable_Due_Date_By_Payment_Terms" time="145.704">
    <failure type="java.lang.NullPointerException" message="Cannot invoke &amp;quot;org.openqa.selenium.WebElement.sendKeys(java.lang.CharSequence[])&amp;quot; because the return value of &amp;quot;Re_Useable.Repo_testing.useranme()&amp;quot; is null">
      <![CDATA[java.lang.NullPointerException: Cannot invoke "org.openqa.selenium.WebElement.sendKeys(java.lang.CharSequence[])" because the return value of "Re_Useable.Repo_testing.useranme()" is null
	at Re_Useable.Login_site.Login(Login_site.java:123)
	at Marketing_Project.Enable_Auto_Due_Date.Enable_Due_Date_By_Payment_Terms(Enable_Auto_Due_Date.java:62)
... Removed 24 stack frames]]>
    </failure>
  </testcase> <!-- Enable_Due_Date_By_Payment_Terms -->
  <testcase classname="Marketing_Project.Enable_Auto_Due_Date" name="Add_Commercial_customer" time="61.59">
    <failure type="java.lang.NullPointerException" message="Cannot invoke &amp;quot;org.openqa.selenium.WebElement.click()&amp;quot; because the return value of &amp;quot;Re_Useable.Repo_testing.Customertab()&amp;quot; is null">
      <![CDATA[java.lang.NullPointerException: Cannot invoke "org.openqa.selenium.WebElement.click()" because the return value of "Re_Useable.Repo_testing.Customertab()" is null
	at Marketing_Project.Enable_Auto_Due_Date.Add_Commercial_customer(Enable_Auto_Due_Date.java:126)
... Removed 24 stack frames]]>
    </failure>
  </testcase> <!-- Add_Commercial_customer -->
  <testcase classname="Marketing_Project.Enable_Auto_Due_Date" name="Add_Residential_Customer" time="61.868">
    <failure type="java.lang.NullPointerException" message="Cannot invoke &amp;quot;org.openqa.selenium.WebElement.click()&amp;quot; because the return value of &amp;quot;Re_Useable.Repo_testing.Customertab()&amp;quot; is null">
      <![CDATA[java.lang.NullPointerException: Cannot invoke "org.openqa.selenium.WebElement.click()" because the return value of "Re_Useable.Repo_testing.Customertab()" is null
	at Marketing_Project.Enable_Auto_Due_Date.Add_Residential_Customer(Enable_Auto_Due_Date.java:556)
... Removed 24 stack frames]]>
    </failure>
  </testcase> <!-- Add_Residential_Customer -->
  <testcase classname="Marketing_Project.Enable_Auto_Due_Date" name="Add_Bussiness_Customer" time="61.568">
    <failure type="java.lang.NullPointerException" message="Cannot invoke &amp;quot;org.openqa.selenium.WebElement.click()&amp;quot; because the return value of &amp;quot;Re_Useable.Repo_testing.Customertab()&amp;quot; is null">
      <![CDATA[java.lang.NullPointerException: Cannot invoke "org.openqa.selenium.WebElement.click()" because the return value of "Re_Useable.Repo_testing.Customertab()" is null
	at Marketing_Project.Enable_Auto_Due_Date.Add_Bussiness_Customer(Enable_Auto_Due_Date.java:924)
... Removed 24 stack frames]]>
    </failure>
  </testcase> <!-- Add_Bussiness_Customer -->
  <testcase classname="Marketing_Project.Enable_Auto_Due_Date" name="Add_BillRun_Cycle" time="61.585">
    <failure type="java.lang.NullPointerException" message="Cannot invoke &amp;quot;org.openqa.selenium.WebElement.click()&amp;quot; because the return value of &amp;quot;Re_Useable.Repo_testing.Admin()&amp;quot; is null">
      <![CDATA[java.lang.NullPointerException: Cannot invoke "org.openqa.selenium.WebElement.click()" because the return value of "Re_Useable.Repo_testing.Admin()" is null
	at Marketing_Project.Enable_Auto_Due_Date.Add_BillRun_Cycle(Enable_Auto_Due_Date.java:1330)
... Removed 24 stack frames]]>
    </failure>
  </testcase> <!-- Add_BillRun_Cycle -->
  <testcase classname="Marketing_Project.Enable_Auto_Due_Date" name="Calender_Days_Due_Date" time="60.568">
    <failure type="java.lang.NullPointerException" message="Cannot invoke &amp;quot;org.openqa.selenium.WebElement.click()&amp;quot; because the return value of &amp;quot;Re_Useable.Repo_testing.Bill_Run()&amp;quot; is null">
      <![CDATA[java.lang.NullPointerException: Cannot invoke "org.openqa.selenium.WebElement.click()" because the return value of "Re_Useable.Repo_testing.Bill_Run()" is null
	at Marketing_Project.Enable_Auto_Due_Date.Calender_Days_Due_Date(Enable_Auto_Due_Date.java:1413)
... Removed 24 stack frames]]>
    </failure>
  </testcase> <!-- Calender_Days_Due_Date -->
  <testcase classname="Marketing_Project.Enable_Auto_Due_Date" name="End_of_Month_Due_Date" time="60.553">
    <failure type="java.lang.NullPointerException" message="Cannot invoke &amp;quot;org.openqa.selenium.WebElement.click()&amp;quot; because the return value of &amp;quot;Re_Useable.Repo_testing.Admin()&amp;quot; is null">
      <![CDATA[java.lang.NullPointerException: Cannot invoke "org.openqa.selenium.WebElement.click()" because the return value of "Re_Useable.Repo_testing.Admin()" is null
	at Marketing_Project.Enable_Auto_Due_Date.End_of_Month_Due_Date(Enable_Auto_Due_Date.java:1525)
... Removed 24 stack frames]]>
    </failure>
  </testcase> <!-- End_of_Month_Due_Date -->
  <testcase classname="Marketing_Project.Enable_Auto_Due_Date" name="Business_Days_Due_Date" time="60.644">
    <failure type="java.lang.NullPointerException" message="Cannot invoke &amp;quot;org.openqa.selenium.WebElement.click()&amp;quot; because the return value of &amp;quot;Re_Useable.Repo_testing.Admin()&amp;quot; is null">
      <![CDATA[java.lang.NullPointerException: Cannot invoke "org.openqa.selenium.WebElement.click()" because the return value of "Re_Useable.Repo_testing.Admin()" is null
	at Marketing_Project.Enable_Auto_Due_Date.Business_Days_Due_Date(Enable_Auto_Due_Date.java:1732)
... Removed 24 stack frames]]>
    </failure>
  </testcase> <!-- Business_Days_Due_Date -->
</testsuite> <!-- Run Bill to Check Auto Due Date Feature for All Customer type -->
