<?xml version="1.0" encoding="UTF-8"?>
<!-- Generated by org.testng.reporters.JUnitXMLReporter -->
<testsuite hostname="DESKTOP-1LU8MBC" failures="0" tests="8" name="Single Customer Bill Run, Rollback and Rebill" time="319.961" errors="0" timestamp="21 Jul 2022 06:44:07 GMT">
  <testcase classname="Marketing_Project.Single_Customer_Bill_Run" name="Add_Customer_and_Service" time="141.379"/>
  <testcase classname="Marketing_Project.Single_Customer_Bill_Run" name="Add_Meter" time="18.844"/>
  <testcase classname="Marketing_Project.Single_Customer_Bill_Run" name="Add_Meter_Register" time="12.848"/>
  <testcase classname="Marketing_Project.Single_Customer_Bill_Run" name="Add_Meter_Reads" time="45.783"/>
  <testcase classname="Marketing_Project.Single_Customer_Bill_Run" name="Add_BillRun_Cycle" time="37.548"/>
  <testcase classname="Marketing_Project.Single_Customer_Bill_Run" name="Bill_Run" time="17.902"/>
  <testcase classname="Marketing_Project.Single_Customer_Bill_Run" name="Full_Statement_Rollback" time="13.903"/>
  <testcase classname="Marketing_Project.Single_Customer_Bill_Run" name="Single_Customer_Rollback" time="31.748"/>
</testsuite> <!-- Single Customer Bill Run, Rollback and Rebill -->
