<?xml version="1.0" encoding="UTF-8"?>
<!-- Generated by org.testng.reporters.JUnitXMLReporter -->
<testsuite hostname="DESKTOP-1LU8MBC" failures="0" tests="12" name="Two Customers Bill Run, Rollback and Rebill" time="514.331" errors="0" timestamp="21 Jul 2022 06:52:41 GMT">
  <testcase classname="Marketing_Project.Two_Customers_Bill_Run" name="Add_First_Customer_and_Service" time="143.981"/>
  <testcase classname="Marketing_Project.Two_Customers_Bill_Run" name="Add_Meter" time="26.667"/>
  <testcase classname="Marketing_Project.Two_Customers_Bill_Run" name="Add_Meter_Register" time="14.753"/>
  <testcase classname="Marketing_Project.Two_Customers_Bill_Run" name="Add_Meter_Reads" time="47.045"/>
  <testcase classname="Marketing_Project.Two_Customers_Bill_Run" name="Add_Second_Customer_and_Service" time="68.855"/>
  <testcase classname="Marketing_Project.Two_Customers_Bill_Run" name="Add_Metering_Second_Customer" time="78.673"/>
  <testcase classname="Marketing_Project.Two_Customers_Bill_Run" name="Add_BillRun_Cycle" time="37.547"/>
  <testcase classname="Marketing_Project.Two_Customers_Bill_Run" name="Bill_Run" time="13.014"/>
  <testcase classname="Marketing_Project.Two_Customers_Bill_Run" name="Full_Statement_Rollback" time="13.901"/>
  <testcase classname="Marketing_Project.Two_Customers_Bill_Run" name="Single_Customer_Rollback" time="24.442"/>
  <testcase classname="Marketing_Project.Two_Customers_Bill_Run" name="Rebill_and_Reuse_Statement" time="35.975"/>
  <testcase classname="Marketing_Project.Two_Customers_Bill_Run" name="Rebill_with_new_Statement" time="9.465"/>
</testsuite> <!-- Two Customers Bill Run, Rollback and Rebill -->
