<?xml version="1.0" encoding="UTF-8"?>
<!-- Generated by org.testng.reporters.JUnitXMLReporter -->
<testsuite hostname="DESKTOP-1LU8MBC" failures="0" tests="6" name="Update Customer Service Details" time="459.831" errors="0" timestamp="21 Jul 2022 07:11:21 GMT">
  <testcase classname="Marketing_Project.Customer_Update" name="Add_Customer" time="156.653"/>
  <testcase classname="Marketing_Project.Customer_Update" name="Add_Service_ND_Update" time="98.757"/>
  <testcase classname="Marketing_Project.Customer_Update" name="Add_Siteparamenter" time="35.523"/>
  <testcase classname="Marketing_Project.Customer_Update" name="AddSite_plan_fromService" time="58.993"/>
  <testcase classname="Marketing_Project.Customer_Update" name="Add_BillRun_Cycle" time="66.894"/>
  <testcase classname="Marketing_Project.Customer_Update" name="Edit_BillRUn" time="43.005"/>
</testsuite> <!-- Update Customer Service Details -->
